# JRE version: Java(TM) SE Runtime Environment (8.0_11-b12) (build 1.8.0_11-b12)
# Java VM: Java HotSpot(TM) 64-Bit Server VM (25.11-b03 mixed mode windows-amd64 compressed oops)
Heap:
 PSYoungGen      total 207360K, used 106308K [0x00000000f0000000, 0x0000000100000000, 0x0000000100000000)
  eden space 163840K, 38% used [0x00000000f0000000,0x00000000f3dc45f0,0x00000000fa000000)
  from space 43520K, 98% used [0x00000000fa000000,0x00000000fca0cc90,0x00000000fca80000)
  to   space 54784K, 0% used [0x00000000fca80000,0x00000000fca80000,0x0000000100000000)
 ParOldGen       total 93696K, used 78707K [0x00000000d0000000, 0x00000000d5b80000, 0x00000000f0000000)
  object space 93696K, 84% used [0x00000000d0000000,0x00000000d4cdce58,0x00000000d5b80000)
 Metaspace       used 63181K, capacity 64988K, committed 65152K, reserved 1107968K
  class space    used 6687K, capacity 7201K, committed 7296K, reserved 1048576K
GC Heap History (10 events):
Event: 37.661 GC heap after
Heap after GC invocations=58 (full 5):
 PSYoungGen      total 227328K, used 29502K [0x00000000f0000000, 0x0000000100000000, 0x0000000100000000)
  eden space 197632K, 0% used [0x00000000f0000000,0x00000000f0000000,0x00000000fc100000)
  from space 29696K, 99% used [0x00000000fc100000,0x00000000fddcfae0,0x00000000fde00000)
  to   space 34816K, 0% used [0x00000000fde00000,0x00000000fde00000,0x0000000100000000)
 ParOldGen       total 78848K, used 64700K [0x00000000d0000000, 0x00000000d4d00000, 0x00000000f0000000)
  object space 78848K, 82% used [0x00000000d0000000,0x00000000d3f2f280,0x00000000d4d00000)
 Metaspace       used 58008K, capacity 59572K, committed 59776K, reserved 1101824K
  class space    used 6016K, capacity 6462K, committed 6528K, reserved 1048576K
}
Event: 39.619 GC heap before
{Heap before GC invocations=59 (full 5):
 PSYoungGen      total 227328K, used 227134K [0x00000000f0000000, 0x0000000100000000, 0x0000000100000000)
  eden space 197632K, 100% used [0x00000000f0000000,0x00000000fc100000,0x00000000fc100000)
  from space 29696K, 99% used [0x00000000fc100000,0x00000000fddcfae0,0x00000000fde00000)
  to   space 34816K, 0% used [0x00000000fde00000,0x00000000fde00000,0x0000000100000000)
 ParOldGen       total 78848K, used 64700K [0x00000000d0000000, 0x00000000d4d00000, 0x00000000f0000000)
  object space 78848K, 82% used [0x00000000d0000000,0x00000000d3f2f280,0x00000000d4d00000)
 Metaspace       used 59087K, capacity 60672K, committed 60928K, reserved 1103872K
  class space    used 6132K, capacity 6577K, committed 6656K, reserved 1048576K
Event: 39.770 GC heap after
Heap after GC invocations=59 (full 5):
 PSYoungGen      total 212992K, used 34792K [0x00000000f0000000, 0x0000000100000000, 0x0000000100000000)
  eden space 178176K, 0% used [0x00000000f0000000,0x00000000f0000000,0x00000000fae00000)
  from space 34816K, 99% used [0x00000000fde00000,0x00000000ffffa390,0x0000000100000000)
  to   space 41984K, 0% used [0x00000000fae00000,0x00000000fae00000,0x00000000fd700000)
 ParOldGen       total 78848K, used 65324K [0x00000000d0000000, 0x00000000d4d00000, 0x00000000f0000000)
  object space 78848K, 82% used [0x00000000d0000000,0x00000000d3fcb1c0,0x00000000d4d00000)
 Metaspace       used 59087K, capacity 60672K, committed 60928K, reserved 1103872K
  class space    used 6132K, capacity 6577K, committed 6656K, reserved 1048576K
}
Event: 41.870 GC heap before
{Heap before GC invocations=60 (full 5):
 PSYoungGen      total 212992K, used 212968K [0x00000000f0000000, 0x0000000100000000, 0x0000000100000000)
  eden space 178176K, 100% used [0x00000000f0000000,0x00000000fae00000,0x00000000fae00000)
  from space 34816K, 99% used [0x00000000fde00000,0x00000000ffffa390,0x0000000100000000)
  to   space 41984K, 0% used [0x00000000fae00000,0x00000000fae00000,0x00000000fd700000)
 ParOldGen       total 78848K, used 65324K [0x00000000d0000000, 0x00000000d4d00000, 0x00000000f0000000)
  object space 78848K, 82% used [0x00000000d0000000,0x00000000d3fcb1c0,0x00000000d4d00000)
 Metaspace       used 60019K, capacity 61766K, committed 62080K, reserved 1103872K
  class space    used 6258K, capacity 6747K, committed 6784K, reserved 1048576K
Event: 41.957 GC heap after
Heap after GC invocations=60 (full 5):
 PSYoungGen      total 210944K, used 32698K [0x00000000f0000000, 0x0000000100000000, 0x0000000100000000)
  eden space 178176K, 0% used [0x00000000f0000000,0x00000000f0000000,0x00000000fae00000)
  from space 32768K, 99% used [0x00000000fae00000,0x00000000fcdeeba0,0x00000000fce00000)
  to   space 45056K, 0% used [0x00000000fd400000,0x00000000fd400000,0x0000000100000000)
 ParOldGen       total 78848K, used 73443K [0x00000000d0000000, 0x00000000d4d00000, 0x00000000f0000000)
  object space 78848K, 93% used [0x00000000d0000000,0x00000000d47b8d78,0x00000000d4d00000)
 Metaspace       used 60019K, capacity 61766K, committed 62080K, reserved 1103872K
  class space    used 6258K, capacity 6747K, committed 6784K, reserved 1048576K
}
Event: 41.957 GC heap before
{Heap before GC invocations=61 (full 6):
 PSYoungGen      total 210944K, used 32698K [0x00000000f0000000, 0x0000000100000000, 0x0000000100000000)
  eden space 178176K, 0% used [0x00000000f0000000,0x00000000f0000000,0x00000000fae00000)
  from space 32768K, 99% used [0x00000000fae00000,0x00000000fcdeeba0,0x00000000fce00000)
  to   space 45056K, 0% used [0x00000000fd400000,0x00000000fd400000,0x0000000100000000)
 ParOldGen       total 78848K, used 73443K [0x00000000d0000000, 0x00000000d4d00000, 0x00000000f0000000)
  object space 78848K, 93% used [0x00000000d0000000,0x00000000d47b8d78,0x00000000d4d00000)
 Metaspace       used 60019K, capacity 61766K, committed 62080K, reserved 1103872K
  class space    used 6258K, capacity 6747K, committed 6784K, reserved 1048576K
Event: 43.462 GC heap after
Heap after GC invocations=61 (full 6):
 PSYoungGen      total 210944K, used 25819K [0x00000000f0000000, 0x0000000100000000, 0x0000000100000000)
  eden space 178176K, 0% used [0x00000000f0000000,0x00000000f0000000,0x00000000fae00000)
  from space 32768K, 78% used [0x00000000fae00000,0x00000000fc736f00,0x00000000fce00000)
  to   space 45056K, 0% used [0x00000000fd400000,0x00000000fd400000,0x0000000100000000)
 ParOldGen       total 93696K, used 78707K [0x00000000d0000000, 0x00000000d5b80000, 0x00000000f0000000)
  object space 93696K, 84% used [0x00000000d0000000,0x00000000d4cdce58,0x00000000d5b80000)
 Metaspace       used 60019K, capacity 61766K, committed 62080K, reserved 1103872K
  class space    used 6258K, capacity 6747K, committed 6784K, reserved 1048576K
}
Event: 45.955 GC heap before
{Heap before GC invocations=62 (full 6):
 PSYoungGen      total 210944K, used 201081K [0x00000000f0000000, 0x0000000100000000, 0x0000000100000000)
  eden space 178176K, 98% used [0x00000000f0000000,0x00000000fab27630,0x00000000fae00000)
  from space 32768K, 78% used [0x00000000fae00000,0x00000000fc736f00,0x00000000fce00000)
  to   space 45056K, 0% used [0x00000000fd400000,0x00000000fd400000,0x0000000100000000)
 ParOldGen       total 93696K, used 78707K [0x00000000d0000000, 0x00000000d5b80000, 0x00000000f0000000)
  object space 93696K, 84% used [0x00000000d0000000,0x00000000d4cdce58,0x00000000d5b80000)
 Metaspace       used 62250K, capacity 63980K, committed 64128K, reserved 1105920K
  class space    used 6530K, capacity 7036K, committed 7040K, reserved 1048576K
Event: 46.069 GC heap after
Heap after GC invocations=62 (full 6):
 PSYoungGen      total 208896K, used 37312K [0x00000000f0000000, 0x0000000100000000, 0x0000000100000000)
  eden space 163840K, 0% used [0x00000000f0000000,0x00000000f0000000,0x00000000fa000000)
  from space 45056K, 82% used [0x00000000fd400000,0x00000000ff870150,0x0000000100000000)
  to   space 49152K, 0% used [0x00000000fa000000,0x00000000fa000000,0x00000000fd000000)
 ParOldGen       total 93696K, used 78707K [0x00000000d0000000, 0x00000000d5b80000, 0x00000000f0000000)
  object space 93696K, 84% used [0x00000000d0000000,0x00000000d4cdce58,0x00000000d5b80000)
 Metaspace       used 62250K, capacity 63980K, committed 64128K, reserved 1105920K
  class space    used 6530K, capacity 7036K, committed 7040K, reserved 1048576K
}
Event: 47.768 GC heap before
{Heap before GC invocations=63 (full 6):
 PSYoungGen      total 208896K, used 200968K [0x00000000f0000000, 0x0000000100000000, 0x0000000100000000)
  eden space 163840K, 99% used [0x00000000f0000000,0x00000000f9fd2278,0x00000000fa000000)
  from space 45056K, 82% used [0x00000000fd400000,0x00000000ff870150,0x0000000100000000)
  to   space 49152K, 0% used [0x00000000fa000000,0x00000000fa000000,0x00000000fd000000)
 ParOldGen       total 93696K, used 78707K [0x00000000d0000000, 0x00000000d5b80000, 0x00000000f0000000)
  object space 93696K, 84% used [0x00000000d0000000,0x00000000d4cdce58,0x00000000d5b80000)
 Metaspace       used 63009K, capacity 64828K, committed 65152K, reserved 1107968K
  class space    used 6666K, capacity 7169K, committed 7296K, reserved 1048576K

