# JRE version: Java(TM) SE Runtime Environment (8.0_11-b12) (build 1.8.0_11-b12)
# Java VM: Java HotSpot(TM) 64-Bit Server VM (25.11-b03 mixed mode windows-amd64 compressed oops)
Heap:
 PSYoungGen      total 217600K, used 91082K [0x00000000f0000000, 0x0000000100000000, 0x0000000100000000)
  eden space 190464K, 33% used [0x00000000f0000000,0x00000000f3e849a8,0x00000000fba00000)
  from space 27136K, 99% used [0x00000000fba00000,0x00000000fd46e128,0x00000000fd480000)
  to   space 38400K, 0% used [0x00000000fda80000,0x00000000fda80000,0x0000000100000000)
 ParOldGen       total 113664K, used 94728K [0x00000000d0000000, 0x00000000d6f00000, 0x00000000f0000000)
  object space 113664K, 83% used [0x00000000d0000000,0x00000000d5c82158,0x00000000d6f00000)
 Metaspace       used 63570K, capacity 65350K, committed 65664K, reserved 1107968K
  class space    used 6739K, capacity 7233K, committed 7296K, reserved 1048576K
GC Heap History (10 events):
Event: 34.112 GC heap before
{Heap before GC invocations=58 (full 6):
 PSYoungGen      total 243200K, used 243110K [0x00000000f0000000, 0x0000000100000000, 0x0000000100000000)
  eden space 226304K, 100% used [0x00000000f0000000,0x00000000fdd00000,0x00000000fdd00000)
  from space 16896K, 99% used [0x00000000fdd00000,0x00000000fed69860,0x00000000fed80000)
  to   space 18944K, 0% used [0x00000000fed80000,0x00000000fed80000,0x0000000100000000)
 ParOldGen       total 91136K, used 75797K [0x00000000d0000000, 0x00000000d5900000, 0x00000000f0000000)
  object space 91136K, 83% used [0x00000000d0000000,0x00000000d4a056c8,0x00000000d5900000)
 Metaspace       used 58623K, capacity 60208K, committed 60672K, reserved 1103872K
  class space    used 6079K, capacity 6534K, committed 6656K, reserved 1048576K
Event: 34.171 GC heap after
Heap after GC invocations=58 (full 6):
 PSYoungGen      total 233984K, used 18932K [0x00000000f0000000, 0x0000000100000000, 0x0000000100000000)
  eden space 215040K, 0% used [0x00000000f0000000,0x00000000f0000000,0x00000000fd200000)
  from space 18944K, 99% used [0x00000000fed80000,0x00000000ffffd0f0,0x0000000100000000)
  to   space 23552K, 0% used [0x00000000fd200000,0x00000000fd200000,0x00000000fe900000)
 ParOldGen       total 91136K, used 77452K [0x00000000d0000000, 0x00000000d5900000, 0x00000000f0000000)
  object space 91136K, 84% used [0x00000000d0000000,0x00000000d4ba3100,0x00000000d5900000)
 Metaspace       used 58623K, capacity 60208K, committed 60672K, reserved 1103872K
  class space    used 6079K, capacity 6534K, committed 6656K, reserved 1048576K
}
Event: 35.739 GC heap before
{Heap before GC invocations=59 (full 6):
 PSYoungGen      total 233984K, used 233972K [0x00000000f0000000, 0x0000000100000000, 0x0000000100000000)
  eden space 215040K, 100% used [0x00000000f0000000,0x00000000fd200000,0x00000000fd200000)
  from space 18944K, 99% used [0x00000000fed80000,0x00000000ffffd0f0,0x0000000100000000)
  to   space 23552K, 0% used [0x00000000fd200000,0x00000000fd200000,0x00000000fe900000)
 ParOldGen       total 91136K, used 77452K [0x00000000d0000000, 0x00000000d5900000, 0x00000000f0000000)
  object space 91136K, 84% used [0x00000000d0000000,0x00000000d4ba3100,0x00000000d5900000)
 Metaspace       used 59712K, capacity 61388K, committed 61824K, reserved 1103872K
  class space    used 6231K, capacity 6681K, committed 6784K, reserved 1048576K
Event: 35.889 GC heap after
Heap after GC invocations=59 (full 6):
 PSYoungGen      total 238592K, used 23520K [0x00000000f0000000, 0x0000000100000000, 0x0000000100000000)
  eden space 215040K, 0% used [0x00000000f0000000,0x00000000f0000000,0x00000000fd200000)
  from space 23552K, 99% used [0x00000000fd200000,0x00000000fe8f8100,0x00000000fe900000)
  to   space 23552K, 0% used [0x00000000fe900000,0x00000000fe900000,0x0000000100000000)
 ParOldGen       total 91136K, used 80840K [0x00000000d0000000, 0x00000000d5900000, 0x00000000f0000000)
  object space 91136K, 88% used [0x00000000d0000000,0x00000000d4ef2118,0x00000000d5900000)
 Metaspace       used 59712K, capacity 61388K, committed 61824K, reserved 1103872K
  class space    used 6231K, capacity 6681K, committed 6784K, reserved 1048576K
}
Event: 37.849 GC heap before
{Heap before GC invocations=60 (full 6):
 PSYoungGen      total 238592K, used 238560K [0x00000000f0000000, 0x0000000100000000, 0x0000000100000000)
  eden space 215040K, 100% used [0x00000000f0000000,0x00000000fd200000,0x00000000fd200000)
  from space 23552K, 99% used [0x00000000fd200000,0x00000000fe8f8100,0x00000000fe900000)
  to   space 23552K, 0% used [0x00000000fe900000,0x00000000fe900000,0x0000000100000000)
 ParOldGen       total 91136K, used 80840K [0x00000000d0000000, 0x00000000d5900000, 0x00000000f0000000)
  object space 91136K, 88% used [0x00000000d0000000,0x00000000d4ef2118,0x00000000d5900000)
 Metaspace       used 62199K, capacity 63870K, committed 64128K, reserved 1105920K
  class space    used 6523K, capacity 7037K, committed 7040K, reserved 1048576K
Event: 38.031 GC heap after
Heap after GC invocations=60 (full 6):
 PSYoungGen      total 214016K, used 23540K [0x00000000f0000000, 0x0000000100000000, 0x0000000100000000)
  eden space 190464K, 0% used [0x00000000f0000000,0x00000000f0000000,0x00000000fba00000)
  from space 23552K, 99% used [0x00000000fe900000,0x00000000ffffd310,0x0000000100000000)
  to   space 35840K, 0% used [0x00000000fba00000,0x00000000fba00000,0x00000000fdd00000)
 ParOldGen       total 94208K, used 94023K [0x00000000d0000000, 0x00000000d5c00000, 0x00000000f0000000)
  object space 94208K, 99% used [0x00000000d0000000,0x00000000d5bd1c28,0x00000000d5c00000)
 Metaspace       used 62199K, capacity 63870K, committed 64128K, reserved 1105920K
  class space    used 6523K, capacity 7037K, committed 7040K, reserved 1048576K
}
Event: 38.031 GC heap before
{Heap before GC invocations=61 (full 7):
 PSYoungGen      total 214016K, used 23540K [0x00000000f0000000, 0x0000000100000000, 0x0000000100000000)
  eden space 190464K, 0% used [0x00000000f0000000,0x00000000f0000000,0x00000000fba00000)
  from space 23552K, 99% used [0x00000000fe900000,0x00000000ffffd310,0x0000000100000000)
  to   space 35840K, 0% used [0x00000000fba00000,0x00000000fba00000,0x00000000fdd00000)
 ParOldGen       total 94208K, used 94023K [0x00000000d0000000, 0x00000000d5c00000, 0x00000000f0000000)
  object space 94208K, 99% used [0x00000000d0000000,0x00000000d5bd1c28,0x00000000d5c00000)
 Metaspace       used 62199K, capacity 63870K, committed 64128K, reserved 1105920K
  class space    used 6523K, capacity 7037K, committed 7040K, reserved 1048576K
Event: 40.500 GC heap after
Heap after GC invocations=61 (full 7):
 PSYoungGen      total 214016K, used 21927K [0x00000000f0000000, 0x0000000100000000, 0x0000000100000000)
  eden space 190464K, 0% used [0x00000000f0000000,0x00000000f0000000,0x00000000fba00000)
  from space 23552K, 93% used [0x00000000fe900000,0x00000000ffe69cf8,0x0000000100000000)
  to   space 35840K, 0% used [0x00000000fba00000,0x00000000fba00000,0x00000000fdd00000)
 ParOldGen       total 113664K, used 93940K [0x00000000d0000000, 0x00000000d6f00000, 0x00000000f0000000)
  object space 113664K, 82% used [0x00000000d0000000,0x00000000d5bbd148,0x00000000d6f00000)
 Metaspace       used 62199K, capacity 63870K, committed 64128K, reserved 1105920K
  class space    used 6523K, capacity 7037K, committed 7040K, reserved 1048576K
}
Event: 41.779 GC heap before
{Heap before GC invocations=62 (full 7):
 PSYoungGen      total 214016K, used 209355K [0x00000000f0000000, 0x0000000100000000, 0x0000000100000000)
  eden space 190464K, 98% used [0x00000000f0000000,0x00000000fb7090e0,0x00000000fba00000)
  from space 23552K, 93% used [0x00000000fe900000,0x00000000ffe69cf8,0x0000000100000000)
  to   space 35840K, 0% used [0x00000000fba00000,0x00000000fba00000,0x00000000fdd00000)
 ParOldGen       total 113664K, used 93940K [0x00000000d0000000, 0x00000000d6f00000, 0x00000000f0000000)
  object space 113664K, 82% used [0x00000000d0000000,0x00000000d5bbd148,0x00000000d6f00000)
 Metaspace       used 63044K, capacity 64834K, committed 65024K, reserved 1107968K
  class space    used 6670K, capacity 7167K, committed 7168K, reserved 1048576K
Event: 41.972 GC heap after
Heap after GC invocations=62 (full 7):
 PSYoungGen      total 217600K, used 27064K [0x00000000f0000000, 0x0000000100000000, 0x0000000100000000)
  eden space 190464K, 0% used [0x00000000f0000000,0x00000000f0000000,0x00000000fba00000)
  from space 27136K, 99% used [0x00000000fba00000,0x00000000fd46e128,0x00000000fd480000)
  to   space 38400K, 0% used [0x00000000fda80000,0x00000000fda80000,0x0000000100000000)
 ParOldGen       total 113664K, used 94728K [0x00000000d0000000, 0x00000000d6f00000, 0x00000000f0000000)
  object space 113664K, 83% used [0x00000000d0000000,0x00000000d5c82158,0x00000000d6f00000)
 Metaspace       used 63044K, capacity 64834K, committed 65024K, reserved 1107968K
  class space    used 6670K, capacity 7167K, committed 7168K, reserved 1048576K
}

